RN/labbitRN/android/app/build/intermediates/manifest_merge_blame_file/debug/manifest-merger-blame-debug-report.txt
1<?xml version="1.0" encoding="utf-8"?>
2<manifest xmlns:android="http://schemas.android.com/apk/res/android"
3    package="com.labbitrn"
4    android:versionCode="1"
5    android:versionName="1.0" >
6
7    <uses-sdk
8        android:minSdkVersion="21"
9        android:targetSdkVersion="31" />
10
11    <uses-permission android:name="android.permission.SYSTEM_ALERT_WINDOW" />
11-->src\debug\AndroidManifest.xml:5:5-77
11-->src\debug\AndroidManifest.xml:5:22-75
12    <uses-permission android:name="android.permission.INTERNET" />
12-->src\main\AndroidManifest.xml:4:5-67
12-->src\main\AndroidManifest.xml:4:22-64
13    <uses-permission android:name="android.permission.ACCESS_WIFI_STATE" />
13-->[com.facebook.flipper:flipper:0.125.0] AndroidManifest.xml:16:5-76
13-->[com.facebook.flipper:flipper:0.125.0] AndroidManifest.xml:16:22-73
14    <uses-permission android:name="android.permission.ACCESS_NETWORK_STATE" />
14-->[com.google.android.gms:play-services-measurement-api:21.0.0] AndroidManifest.xml:23:5-79
14-->[com.google.android.gms:play-services-measurement-api:21.0.0] AndroidManifest.xml:23:22-76
15    <uses-permission android:name="android.permission.WAKE_LOCK" />
15-->[com.google.android.gms:play-services-measurement-api:21.0.0] AndroidManifest.xml:24:5-68
15-->[com.google.android.gms:play-services-measurement-api:21.0.0] AndroidManifest.xml:24:22-65
16    <uses-permission android:name="com.google.android.gms.permission.AD_ID" />
16-->[com.google.android.gms:play-services-measurement-api:21.0.0] AndroidManifest.xml:25:5-79
16-->[com.google.android.gms:play-services-measurement-api:21.0.0] AndroidManifest.xml:25:22-76
17    <uses-permission android:name="com.google.android.finsky.permission.BIND_GET_INSTALL_REFERRER_SERVICE" />
17-->[com.google.android.gms:play-services-measurement:21.0.0] AndroidManifest.xml:26:5-110
17-->[com.google.android.gms:play-services-measurement:21.0.0] AndroidManifest.xml:26:22-107
18
19    <application
19-->src\main\AndroidManifest.xml:6:5-25:19
20        android:name="com.labbitrn.MainApplication"
20-->src\main\AndroidManifest.xml:7:7-38
21        android:allowBackup="false"
21-->src\main\AndroidManifest.xml:11:7-34
22        android:appComponentFactory="androidx.core.app.CoreComponentFactory"
22-->[androidx.core:core:1.7.0] AndroidManifest.xml:24:18-86
23        android:debuggable="true"
24        android:icon="@mipmap/ic_launcher"
24-->src\main\AndroidManifest.xml:9:7-41
25        android:label="@string/app_name"
25-->src\main\AndroidManifest.xml:8:7-39
26        android:roundIcon="@mipmap/ic_launcher_round"
26-->src\main\AndroidManifest.xml:10:7-52
27        android:testOnly="true"
28        android:theme="@style/AppTheme"
28-->src\main\AndroidManifest.xml:12:7-38
29        android:usesCleartextTraffic="true" >
29-->src\debug\AndroidManifest.xml:8:9-44
30        <activity
30-->src\debug\AndroidManifest.xml:11:9-111
31            android:name="com.facebook.react.devsupport.DevSettingsActivity"
31-->src\debug\AndroidManifest.xml:11:19-83
32            android:exported="false" />
32-->src\debug\AndroidManifest.xml:11:84-108
33        <activity
33-->src\main\AndroidManifest.xml:13:7-24:18
34            android:name="com.labbitrn.MainActivity"
34-->src\main\AndroidManifest.xml:14:9-37
35            android:configChanges="keyboard|keyboardHidden|orientation|screenLayout|screenSize|smallestScreenSize|uiMode"
35-->src\main\AndroidManifest.xml:16:9-118
36            android:exported="true"
36-->src\main\AndroidManifest.xml:19:9-32
37            android:label="@string/app_name"
37-->src\main\AndroidManifest.xml:15:9-41
38            android:launchMode="singleTask"
38-->src\main\AndroidManifest.xml:17:9-40
39            android:windowSoftInputMode="adjustResize" >
39-->src\main\AndroidManifest.xml:18:9-51
40            <intent-filter>
40-->src\main\AndroidManifest.xml:20:9-23:25
41                <action android:name="android.intent.action.MAIN" />
41-->src\main\AndroidManifest.xml:21:13-65
41-->src\main\AndroidManifest.xml:21:21-62
42
43                <category android:name="android.intent.category.LAUNCHER" />
43-->src\main\AndroidManifest.xml:22:13-73
43-->src\main\AndroidManifest.xml:22:23-70
44            </intent-filter>
45        </activity>
46
47        <provider
47-->[:react-native-webview] AndroidManifest.xml:10:9-18:20
48            android:name="com.reactnativecommunity.webview.RNCWebViewFileProvider"
48-->[:react-native-webview] AndroidManifest.xml:11:13-83
49            android:authorities="com.labbitrn.fileprovider"
49-->[:react-native-webview] AndroidManifest.xml:12:13-64
50            android:exported="false"
50-->[:react-native-webview] AndroidManifest.xml:13:13-37
51            android:grantUriPermissions="true" >
51-->[:react-native-webview] AndroidManifest.xml:14:13-47
52            <meta-data
52-->[:react-native-webview] AndroidManifest.xml:15:13-17:63
53                android:name="android.support.FILE_PROVIDER_PATHS"
53-->[:react-native-webview] AndroidManifest.xml:16:17-67
54                android:resource="@xml/file_provider_paths" />
54-->[:react-native-webview] AndroidManifest.xml:17:17-60
55        </provider>
56
57        <service
57-->[com.google.android.gms:play-services-measurement-api:21.0.0] AndroidManifest.xml:28:9-34:19
58            android:name="com.google.firebase.components.ComponentDiscoveryService"
58-->[com.google.android.gms:play-services-measurement-api:21.0.0] AndroidManifest.xml:29:13-84
59            android:directBootAware="true"
59-->[com.google.firebase:firebase-common:20.1.1] AndroidManifest.xml:35:13-43
60            android:exported="false" >
60-->[com.google.android.gms:play-services-measurement-api:21.0.0] AndroidManifest.xml:30:13-37
61            <meta-data
61-->[com.google.android.gms:play-services-measurement-api:21.0.0] AndroidManifest.xml:31:13-33:85
62                android:name="com.google.firebase.components:com.google.firebase.analytics.connector.internal.AnalyticsConnectorRegistrar"
62-->[com.google.android.gms:play-services-measurement-api:21.0.0] AndroidManifest.xml:32:17-139
63                android:value="com.google.firebase.components.ComponentRegistrar" />
63-->[com.google.android.gms:play-services-measurement-api:21.0.0] AndroidManifest.xml:33:17-82
64            <meta-data
64-->[com.google.firebase:firebase-installations:17.0.1] AndroidManifest.xml:18:13-20:85
65                android:name="com.google.firebase.components:com.google.firebase.installations.FirebaseInstallationsRegistrar"
65-->[com.google.firebase:firebase-installations:17.0.1] AndroidManifest.xml:19:17-127
66                android:value="com.google.firebase.components.ComponentRegistrar" />
66-->[com.google.firebase:firebase-installations:17.0.1] AndroidManifest.xml:20:17-82
67        </service>
68
69        <provider
69-->[com.google.firebase:firebase-common:20.1.1] AndroidManifest.xml:26:9-31:39
70            android:name="com.google.firebase.provider.FirebaseInitProvider"
70-->[com.google.firebase:firebase-common:20.1.1] AndroidManifest.xml:27:13-77
71            android:authorities="com.labbitrn.firebaseinitprovider"
71-->[com.google.firebase:firebase-common:20.1.1] AndroidManifest.xml:28:13-72
72            android:directBootAware="true"
72-->[com.google.firebase:firebase-common:20.1.1] AndroidManifest.xml:29:13-43
73            android:exported="false"
73-->[com.google.firebase:firebase-common:20.1.1] AndroidManifest.xml:30:13-37
74            android:initOrder="100" />
74-->[com.google.firebase:firebase-common:20.1.1] AndroidManifest.xml:31:13-36
75
76        <receiver
76-->[com.google.android.gms:play-services-measurement:21.0.0] AndroidManifest.xml:29:9-33:20
77            android:name="com.google.android.gms.measurement.AppMeasurementReceiver"
77-->[com.google.android.gms:play-services-measurement:21.0.0] AndroidManifest.xml:30:13-85
78            android:enabled="true"
78-->[com.google.android.gms:play-services-measurement:21.0.0] AndroidManifest.xml:31:13-35
79            android:exported="false" >
79-->[com.google.android.gms:play-services-measurement:21.0.0] AndroidManifest.xml:32:13-37
80        </receiver>
81
82        <service
82-->[com.google.android.gms:play-services-measurement:21.0.0] AndroidManifest.xml:35:9-38:40
83            android:name="com.google.android.gms.measurement.AppMeasurementService"
83-->[com.google.android.gms:play-services-measurement:21.0.0] AndroidManifest.xml:36:13-84
84            android:enabled="true"
84-->[com.google.android.gms:play-services-measurement:21.0.0] AndroidManifest.xml:37:13-35
85            android:exported="false" />
85-->[com.google.android.gms:play-services-measurement:21.0.0] AndroidManifest.xml:38:13-37
86        <service
86-->[com.google.android.gms:play-services-measurement:21.0.0] AndroidManifest.xml:39:9-43:72
87            android:name="com.google.android.gms.measurement.AppMeasurementJobService"
87-->[com.google.android.gms:play-services-measurement:21.0.0] AndroidManifest.xml:40:13-87
88            android:enabled="true"
88-->[com.google.android.gms:play-services-measurement:21.0.0] AndroidManifest.xml:41:13-35
89            android:exported="false"
89-->[com.google.android.gms:play-services-measurement:21.0.0] AndroidManifest.xml:42:13-37
90            android:permission="android.permission.BIND_JOB_SERVICE" />
90-->[com.google.android.gms:play-services-measurement:21.0.0] AndroidManifest.xml:43:13-69
91
92        <meta-data
92-->[com.google.android.gms:play-services-basement:18.0.0] AndroidManifest.xml:21:9-23:69
93            android:name="com.google.android.gms.version"
93-->[com.google.android.gms:play-services-basement:18.0.0] AndroidManifest.xml:22:13-58
94            android:value="@integer/google_play_services_version" />
94-->[com.google.android.gms:play-services-basement:18.0.0] AndroidManifest.xml:23:13-66
95
96        <provider
96-->[androidx.emoji2:emoji2:1.0.0] AndroidManifest.xml:26:9-34:20
97            android:name="androidx.startup.InitializationProvider"
97-->[androidx.emoji2:emoji2:1.0.0] AndroidManifest.xml:27:13-67
98            android:authorities="com.labbitrn.androidx-startup"
98-->[androidx.emoji2:emoji2:1.0.0] AndroidManifest.xml:28:13-68
99            android:exported="false" >
99-->[androidx.emoji2:emoji2:1.0.0] AndroidManifest.xml:29:13-37
100            <meta-data
100-->[androidx.emoji2:emoji2:1.0.0] AndroidManifest.xml:31:13-33:52
101                android:name="androidx.emoji2.text.EmojiCompatInitializer"
101-->[androidx.emoji2:emoji2:1.0.0] AndroidManifest.xml:32:17-75
102                android:value="androidx.startup" />
102-->[androidx.emoji2:emoji2:1.0.0] AndroidManifest.xml:33:17-49
103            <meta-data
103-->[androidx.lifecycle:lifecycle-process:2.4.0] AndroidManifest.xml:31:13-33:52
104                android:name="androidx.lifecycle.ProcessLifecycleInitializer"
104-->[androidx.lifecycle:lifecycle-process:2.4.0] AndroidManifest.xml:32:17-78
105                android:value="androidx.startup" />
105-->[androidx.lifecycle:lifecycle-process:2.4.0] AndroidManifest.xml:33:17-49
106        </provider>
107    </application>
108
109</manifest>